Flow report for Deslocador
Sat Sep 07 10:26:47 2019
Quartus Prime Version 18.1.0 Build 625 09/12/2018 SJ Standard Edition


---------------------
; Table of Contents ;
---------------------
  1. Legal Notice
  2. Flow Summary
  3. Flow Settings
  4. Flow Non-Default Global Settings
  5. Flow Elapsed Time
  6. Flow OS Summary
  7. Flow Log
  8. Flow Messages
  9. Flow Suppressed Messages



----------------
; Legal Notice ;
----------------
Copyright (C) 2018  Intel Corporation. All rights reserved.
Your use of Intel Corporation's design tools, logic functions 
and other software and tools, and its AMPP partner logic 
functions, and any output files from any of the foregoing 
(including device programming or simulation files), and any 
associated documentation or information are expressly subject 
to the terms and conditions of the Intel Program License 
Subscription Agreement, the Intel Quartus Prime License Agreement,
the Intel FPGA IP License Agreement, or other applicable license
agreement, including, without limitation, that your use is for
the sole purpose of programming logic devices manufactured by
Intel and sold by Intel or its authorized distributors.  Please
refer to the applicable agreement for further details.



+--------------------------------------------------------------------------------------+
; Flow Summary                                                                         ;
+------------------------------------+-------------------------------------------------+
; Flow Status                        ; Successful - Sat Sep 07 10:26:47 2019           ;
; Quartus Prime Version              ; 18.1.0 Build 625 09/12/2018 SJ Standard Edition ;
; Revision Name                      ; Deslocador                                      ;
; Top-level Entity Name              ; Deslocador                                      ;
; Family                             ; Cyclone IV E                                    ;
; Device                             ; EP4CE115F29C7                                   ;
; Timing Models                      ; Final                                           ;
; Total logic elements               ; 14 / 114,480 ( < 1 % )                          ;
;     Total combinational functions  ; 14 / 114,480 ( < 1 % )                          ;
;     Dedicated logic registers      ; 0 / 114,480 ( 0 % )                             ;
; Total registers                    ; 0                                               ;
; Total pins                         ; 18 / 529 ( 3 % )                                ;
; Total virtual pins                 ; 0                                               ;
; Total memory bits                  ; 0 / 3,981,312 ( 0 % )                           ;
; Embedded Multiplier 9-bit elements ; 0 / 532 ( 0 % )                                 ;
; Total PLLs                         ; 0 / 4 ( 0 % )                                   ;
+------------------------------------+-------------------------------------------------+


+-----------------------------------------+
; Flow Settings                           ;
+-------------------+---------------------+
; Option            ; Setting             ;
+-------------------+---------------------+
; Start date & time ; 09/06/2019 12:02:37 ;
; Main task         ; Compilation         ;
; Revision Name     ; Deslocador          ;
+-------------------+---------------------+


+-------------------------------------------------------------------------------------------------------------------------+
; Flow Non-Default Global Settings                                                                                        ;
+-------------------------------------+----------------------------------------+---------------+-------------+------------+
; Assignment Name                     ; Value                                  ; Default Value ; Entity Name ; Section Id ;
+-------------------------------------+----------------------------------------+---------------+-------------+------------+
; COMPILER_SIGNATURE_ID               ; 259854006721660.156778215505552        ; --            ; --          ; --         ;
; MAX_CORE_JUNCTION_TEMP              ; 85                                     ; --            ; --          ; --         ;
; MIN_CORE_JUNCTION_TEMP              ; 0                                      ; --            ; --          ; --         ;
; NOMINAL_CORE_SUPPLY_VOLTAGE         ; 1.2V                                   ; --            ; --          ; --         ;
; PARTITION_COLOR                     ; -- (Not supported for targeted family) ; --            ; --          ; Top        ;
; PARTITION_FITTER_PRESERVATION_LEVEL ; -- (Not supported for targeted family) ; --            ; --          ; Top        ;
; PARTITION_NETLIST_TYPE              ; -- (Not supported for targeted family) ; --            ; --          ; Top        ;
; PROJECT_OUTPUT_DIRECTORY            ; output_files                           ; --            ; --          ; --         ;
+-------------------------------------+----------------------------------------+---------------+-------------+------------+


+--------------------------------------------------------------------------------------------------------------------------+
; Flow Elapsed Time                                                                                                        ;
+----------------------+--------------+-------------------------+---------------------+------------------------------------+
; Module Name          ; Elapsed Time ; Average Processors Used ; Peak Virtual Memory ; Total CPU Time (on all processors) ;
+----------------------+--------------+-------------------------+---------------------+------------------------------------+
; Analysis & Synthesis ; 00:01:00     ; 1.0                     ; 669 MB              ; 00:02:14                           ;
; Fitter               ; 00:01:05     ; 1.0                     ; 1318 MB             ; 00:01:11                           ;
; Assembler            ; 00:00:02     ; 1.0                     ; 518 MB              ; 00:00:02                           ;
; Timing Analyzer      ; 00:00:12     ; 1.0                     ; 667 MB              ; 00:00:10                           ;
; EDA Netlist Writer   ; 00:00:04     ; 1.0                     ; 491 MB              ; 00:00:03                           ;
; EDA Netlist Writer   ; 00:00:05     ; 1.0                     ; 507 MB              ; 00:00:05                           ;
; EDA Netlist Writer   ; 00:00:05     ; 1.0                     ; 491 MB              ; 00:00:04                           ;
; EDA Netlist Writer   ; 00:00:07     ; 1.0                     ; 507 MB              ; 00:00:05                           ;
; Total                ; 00:02:40     ; --                      ; --                  ; 00:03:54                           ;
+----------------------+--------------+-------------------------+---------------------+------------------------------------+


+-----------------------------------------------------------------------------------+
; Flow OS Summary                                                                   ;
+----------------------+------------------+-----------+------------+----------------+
; Module Name          ; Machine Hostname ; OS Name   ; OS Version ; Processor type ;
+----------------------+------------------+-----------+------------+----------------+
; Analysis & Synthesis ; Usuario-PC       ; Windows 7 ; 6.1        ; x86_64         ;
; Fitter               ; Usuario-PC       ; Windows 7 ; 6.1        ; x86_64         ;
; Assembler            ; Usuario-PC       ; Windows 7 ; 6.1        ; x86_64         ;
; Timing Analyzer      ; Usuario-PC       ; Windows 7 ; 6.1        ; x86_64         ;
; EDA Netlist Writer   ; Usuario-PC       ; Windows 7 ; 6.1        ; x86_64         ;
; EDA Netlist Writer   ; Usuario-PC       ; Windows 7 ; 6.1        ; x86_64         ;
; EDA Netlist Writer   ; Usuario-PC       ; Windows 7 ; 6.1        ; x86_64         ;
; EDA Netlist Writer   ; Usuario-PC       ; Windows 7 ; 6.1        ; x86_64         ;
+----------------------+------------------+-----------+------------+----------------+


------------
; Flow Log ;
------------
quartus_map --read_settings_files=on --write_settings_files=off Deslocador -c Deslocador
quartus_fit --read_settings_files=off --write_settings_files=off Deslocador -c Deslocador
quartus_asm --read_settings_files=off --write_settings_files=off Deslocador -c Deslocador
quartus_sta Deslocador -c Deslocador
quartus_eda --gen_testbench --tool=modelsim_oem --format=vhdl --write_settings_files=off Deslocador -c Deslocador --vector_source=C:/Users/Usuario/Documents/Quarto_semestre/Circuitos_logicos/Exercicios/Tarefa14_1/Waveform.vwf --testbench_file=C:/Users/Usuario/Documents/Quarto_semestre/Circuitos_logicos/Exercicios/Tarefa14_1/simulation/qsim/Waveform.vwf.vht
quartus_eda --write_settings_files=off --simulation=on --functional=off --flatten_buses=off --timescale=1ps --tool=modelsim_oem --format=vhdl --output_directory=C:/Users/Usuario/Documents/Quarto_semestre/Circuitos_logicos/Exercicios/Tarefa14_1/simulation/qsim/ Deslocador -c Deslocador
quartus_eda --gen_testbench --tool=modelsim_oem --format=vhdl --write_settings_files=off Deslocador -c Deslocador --vector_source=C:/Users/Usuario/Documents/Quarto_semestre/Circuitos_logicos/Exercicios/Tarefa14_1/Waveform.vwf --testbench_file=C:/Users/Usuario/Documents/Quarto_semestre/Circuitos_logicos/Exercicios/Tarefa14_1/simulation/qsim/Waveform.vwf.vht
quartus_eda --write_settings_files=off --simulation=on --functional=off --flatten_buses=off --timescale=1ps --tool=modelsim_oem --format=vhdl --output_directory=C:/Users/Usuario/Documents/Quarto_semestre/Circuitos_logicos/Exercicios/Tarefa14_1/simulation/qsim/ Deslocador -c Deslocador



